2016-11-13 20:45:20.8176|INFO|EMS.Infra.CrossCutting.Log.NLogger|JSON
Method: GET
URL: http://localhost:7713/api/Employee/GetEmployeeById?id=1
Controller : EMS.Services.Controllers.Hrm.EmployeeController
Action : GetEmployeeById
Action Parameters : {"messageFormat":"JSON","messageArguments":[{"id":1}]}

2016-11-13 20:45:20.9927|ERROR|EMS.Infra.CrossCutting.Log.NLogger|Method: GET
URL: http://localhost:7713/api/Employee/GetEmployeeById?id=1
Controller : EMS.Services.Controllers.Hrm.EmployeeController
Action : GetEmployeeById
Action Parameters : 
Error: The operation was canceled.


2016-11-13 20:45:28.7071|INFO|EMS.Infra.CrossCutting.Log.NLogger|JSON
Method: GET
URL: http://localhost:7713/api/Employee/GetEmployeeById?id=1
Controller : EMS.Services.Controllers.Hrm.EmployeeController
Action : GetEmployeeById
Action Parameters : {"messageFormat":"JSON","messageArguments":[{"id":1}]}

2016-11-13 20:45:34.8775|INFO|EMS.Infra.CrossCutting.Log.NLogger|JSON
Method: GET
URL: http://localhost:7713/api/Employee/GetEmployeeById?id=1
Controller : EMS.Services.Controllers.Hrm.EmployeeController
Action : GetEmployeeById
Action Parameters : {"messageFormat":"JSON","messageArguments":[{"id":1}]}

2016-11-13 20:45:35.7835|INFO|EMS.Infra.CrossCutting.Log.NLogger|JSON
Method: GET
URL: http://localhost:7713/api/Employee/GetEmployeeById?id=1
Controller : EMS.Services.Controllers.Hrm.EmployeeController
Action : GetEmployeeById
Action Parameters : {"messageFormat":"JSON","messageArguments":[{"id":1}]}

2016-11-13 20:45:36.3435|INFO|EMS.Infra.CrossCutting.Log.NLogger|JSON
Method: GET
URL: http://localhost:7713/api/Employee/GetEmployeeById?id=1
Controller : EMS.Services.Controllers.Hrm.EmployeeController
Action : GetEmployeeById
Action Parameters : {"messageFormat":"JSON","messageArguments":[{"id":1}]}

2016-11-13 21:00:30.0196|INFO|EMS.Infra.CrossCutting.Log.NLogger|JSON
Method: GET
URL: http://localhost:7713/api/Employee/GetEmployeeById?id=1
Controller : EMS.Services.Controllers.Hrm.EmployeeController
Action : GetEmployeeById
Action Parameters : {"messageFormat":"JSON","messageArguments":[{"id":1}]}

2016-11-13 21:05:37.4572|INFO|EMS.Infra.CrossCutting.Log.NLogger|JSON
Method: GET
URL: http://localhost:7713/api/Employee/GetEmployeeById?id=1
Controller : EMS.Services.Controllers.Hrm.EmployeeController
Action : GetEmployeeById
Action Parameters : {"messageFormat":"JSON","messageArguments":[{"id":1}]}

